Started GET "/" for 127.0.0.1 at 2017-12-08 09:51:43 +0100
Processing by Rails::WelcomeController#index as HTML
  Rendering /home/elexilon/.rbenv/versions/2.4.1/lib/ruby/gems/2.4.0/gems/railties-5.1.4/lib/rails/templates/rails/welcome/index.html.erb
  Rendered /home/elexilon/.rbenv/versions/2.4.1/lib/ruby/gems/2.4.0/gems/railties-5.1.4/lib/rails/templates/rails/welcome/index.html.erb (5.0ms)
Completed 200 OK in 183ms (Views: 23.0ms)


  [1m[35m (101.2ms)[0m  [1m[35mCREATE TABLE "schema_migrations" ("version" character varying NOT NULL PRIMARY KEY)[0m
  [1m[35m (79.1ms)[0m  [1m[35mCREATE TABLE "ar_internal_metadata" ("key" character varying NOT NULL PRIMARY KEY, "value" character varying, "created_at" timestamp NOT NULL, "updated_at" timestamp NOT NULL)[0m
  [1m[35m (0.5ms)[0m  [1m[34mSELECT pg_try_advisory_lock(5094958818709705365)[0m
  [1m[35m (0.8ms)[0m  [1m[34mSELECT "schema_migrations"."version" FROM "schema_migrations" ORDER BY "schema_migrations"."version" ASC[0m
Migrating to CreateDinosaurs (20171208101527)
  [1m[35m (0.4ms)[0m  [1m[35mBEGIN[0m
  [1m[35m (70.7ms)[0m  [1m[35mCREATE TABLE "dinosaurs" ("id" bigserial primary key, "name" character varying, "age" integer, "image_url" character varying, "created_at" timestamp NOT NULL, "updated_at" timestamp NOT NULL)[0m
  [1m[35mSQL (0.7ms)[0m  [1m[32mINSERT INTO "schema_migrations" ("version") VALUES ($1) RETURNING "version"[0m  [["version", "20171208101527"]]
  [1m[35m (9.4ms)[0m  [1m[35mCOMMIT[0m
  [1m[36mActiveRecord::InternalMetadata Load (0.7ms)[0m  [1m[34mSELECT  "ar_internal_metadata".* FROM "ar_internal_metadata" WHERE "ar_internal_metadata"."key" = $1 LIMIT $2[0m  [["key", "environment"], ["LIMIT", 1]]
  [1m[35m (0.4ms)[0m  [1m[35mBEGIN[0m
  [1m[35mSQL (0.8ms)[0m  [1m[32mINSERT INTO "ar_internal_metadata" ("key", "value", "created_at", "updated_at") VALUES ($1, $2, $3, $4) RETURNING "key"[0m  [["key", "environment"], ["value", "development"], ["created_at", "2017-12-08 10:15:44.062047"], ["updated_at", "2017-12-08 10:15:44.062047"]]
  [1m[35m (5.4ms)[0m  [1m[35mCOMMIT[0m
  [1m[35m (0.5ms)[0m  [1m[34mSELECT pg_advisory_unlock(5094958818709705365)[0m
  [1m[35m (0.5ms)[0m  [1m[34mSELECT "schema_migrations"."version" FROM "schema_migrations" ORDER BY "schema_migrations"."version" ASC[0m
  [1m[35m (0.4ms)[0m  [1m[34mSELECT "schema_migrations"."version" FROM "schema_migrations" ORDER BY "schema_migrations"."version" ASC[0m
  [1m[35m (0.5ms)[0m  [1m[34mSELECT "schema_migrations"."version" FROM "schema_migrations" ORDER BY "schema_migrations"."version" ASC[0m
  [1m[35m (0.5ms)[0m  [1m[34mSELECT "schema_migrations"."version" FROM "schema_migrations" ORDER BY "schema_migrations"."version" ASC[0m
  [1m[35m (0.2ms)[0m  [1m[35mBEGIN[0m
  [1m[35mSQL (0.5ms)[0m  [1m[32mINSERT INTO "dinosaurs" ("name", "age", "image_url", "created_at", "updated_at") VALUES ($1, $2, $3, $4, $5) RETURNING "id"[0m  [["name", "Iguanodon"], ["age", 3], ["image_url", "https://goo.gl/wB6q9q"], ["created_at", "2017-12-08 10:16:24.445734"], ["updated_at", "2017-12-08 10:16:24.445734"]]
  [1m[35m (16.1ms)[0m  [1m[35mCOMMIT[0m
  [1m[35m (0.2ms)[0m  [1m[35mBEGIN[0m
  [1m[35mSQL (0.4ms)[0m  [1m[32mINSERT INTO "dinosaurs" ("name", "age", "image_url", "created_at", "updated_at") VALUES ($1, $2, $3, $4, $5) RETURNING "id"[0m  [["name", "Mosasaurus"], ["age", 10], ["image_url", "https://goo.gl/aoZsYt"], ["created_at", "2017-12-08 10:16:24.464872"], ["updated_at", "2017-12-08 10:16:24.464872"]]
  [1m[35m (5.5ms)[0m  [1m[35mCOMMIT[0m
  [1m[35m (0.3ms)[0m  [1m[35mBEGIN[0m
  [1m[35mSQL (0.4ms)[0m  [1m[32mINSERT INTO "dinosaurs" ("name", "age", "image_url", "created_at", "updated_at") VALUES ($1, $2, $3, $4, $5) RETURNING "id"[0m  [["name", "Hungarosaurus"], ["age", 15], ["image_url", "https://goo.gl/EqRlgP"], ["created_at", "2017-12-08 10:16:24.472964"], ["updated_at", "2017-12-08 10:16:24.472964"]]
  [1m[35m (5.4ms)[0m  [1m[35mCOMMIT[0m
  [1m[35m (0.4ms)[0m  [1m[34mSELECT COUNT(*) FROM "dinosaurs"[0m
  [1m[36mDinosaur Load (0.6ms)[0m  [1m[34mSELECT "dinosaurs".* FROM "dinosaurs"[0m
  [1m[36mDinosaur Load (0.7ms)[0m  [1m[34mSELECT "dinosaurs".* FROM "dinosaurs"[0m
  [1m[35m (0.3ms)[0m  [1m[35mBEGIN[0m
  [1m[35mSQL (0.8ms)[0m  [1m[32mINSERT INTO "dinosaurs" ("name", "age", "image_url", "created_at", "updated_at") VALUES ($1, $2, $3, $4, $5) RETURNING "id"[0m  [["name", "Arcovenator"], ["age", 20], ["image_url", "https://goo.gl/JKqXaS"], ["created_at", "2017-12-08 10:17:58.568272"], ["updated_at", "2017-12-08 10:17:58.568272"]]
  [1m[35m (13.8ms)[0m  [1m[35mCOMMIT[0m
  [1m[36mDinosaur Load (0.6ms)[0m  [1m[34mSELECT "dinosaurs".* FROM "dinosaurs"[0m
  [1m[36mDinosaur Load (0.5ms)[0m  [1m[34mSELECT  "dinosaurs".* FROM "dinosaurs" WHERE "dinosaurs"."name" = $1 LIMIT $2[0m  [["name", "Arcovenator"], ["LIMIT", 1]]
  [1m[35m (0.3ms)[0m  [1m[35mBEGIN[0m
  [1m[35mSQL (0.7ms)[0m  [1m[33mUPDATE "dinosaurs" SET "age" = $1, "updated_at" = $2 WHERE "dinosaurs"."id" = $3[0m  [["age", 10], ["updated_at", "2017-12-08 10:18:31.632812"], ["id", 4]]
  [1m[35m (9.9ms)[0m  [1m[35mCOMMIT[0m
  [1m[36mDinosaur Load (0.6ms)[0m  [1m[34mSELECT  "dinosaurs".* FROM "dinosaurs" WHERE "dinosaurs"."name" = $1 LIMIT $2[0m  [["name", "Arcovenator"], ["LIMIT", 1]]
  [1m[35m (0.1ms)[0m  [1m[35mBEGIN[0m
  [1m[35m (0.1ms)[0m  [1m[35mCOMMIT[0m
  [1m[36mDinosaur Load (0.6ms)[0m  [1m[34mSELECT  "dinosaurs".* FROM "dinosaurs" WHERE "dinosaurs"."name" = $1 LIMIT $2[0m  [["name", "Arcovenator"], ["LIMIT", 1]]
  [1m[35m (0.3ms)[0m  [1m[35mBEGIN[0m
  [1m[35mSQL (0.6ms)[0m  [1m[31mDELETE FROM "dinosaurs" WHERE "dinosaurs"."id" = $1[0m  [["id", 4]]
  [1m[35m (10.0ms)[0m  [1m[35mCOMMIT[0m
  [1m[35m (0.4ms)[0m  [1m[34mSELECT COUNT(*) FROM "dinosaurs"[0m
Started GET "/" for 127.0.0.1 at 2017-12-08 11:23:20 +0100
  [1m[35m (0.5ms)[0m  [1m[34mSELECT "schema_migrations"."version" FROM "schema_migrations" ORDER BY "schema_migrations"."version" ASC[0m
Processing by Rails::WelcomeController#index as HTML
  Rendering /home/elexilon/.rbenv/versions/2.4.1/lib/ruby/gems/2.4.0/gems/railties-5.1.4/lib/rails/templates/rails/welcome/index.html.erb
  Rendered /home/elexilon/.rbenv/versions/2.4.1/lib/ruby/gems/2.4.0/gems/railties-5.1.4/lib/rails/templates/rails/welcome/index.html.erb (1.8ms)
Completed 200 OK in 4ms (Views: 2.9ms | ActiveRecord: 0.0ms)


  [1m[35m (0.2ms)[0m  [1m[35mBEGIN[0m
  [1m[35mSQL (0.4ms)[0m  [1m[32mINSERT INTO "dinosaurs" ("name", "created_at", "updated_at") VALUES ($1, $2, $3) RETURNING "id"[0m  [["name", "liopleurodon"], ["created_at", "2017-12-08 10:25:03.612583"], ["updated_at", "2017-12-08 10:25:03.612583"]]
  [1m[35m (11.0ms)[0m  [1m[35mCOMMIT[0m
  [1m[35m (0.3ms)[0m  [1m[35mBEGIN[0m
  [1m[35mSQL (0.6ms)[0m  [1m[32mINSERT INTO "dinosaurs" ("name", "created_at", "updated_at") VALUES ($1, $2, $3) RETURNING "id"[0m  [["name", "Muttaburrasaurus"], ["created_at", "2017-12-08 10:25:36.223441"], ["updated_at", "2017-12-08 10:25:36.223441"]]
  [1m[35m (9.7ms)[0m  [1m[35mCOMMIT[0m
  [1m[35m (0.4ms)[0m  [1m[35mBEGIN[0m
  [1m[35mSQL (0.6ms)[0m  [1m[32mINSERT INTO "dinosaurs" ("name", "created_at", "updated_at") VALUES ($1, $2, $3) RETURNING "id"[0m  [["name", "Bactrosaurus"], ["created_at", "2017-12-08 10:26:23.986099"], ["updated_at", "2017-12-08 10:26:23.986099"]]
  [1m[35m (16.4ms)[0m  [1m[35mCOMMIT[0m
  [1m[35m (0.6ms)[0m  [1m[34mSELECT COUNT(*) FROM "dinosaurs"[0m
  [1m[36mDinosaur Load (0.3ms)[0m  [1m[34mSELECT  "dinosaurs".* FROM "dinosaurs" WHERE "dinosaurs"."id" = $1 LIMIT $2[0m  [["id", 1], ["LIMIT", 1]]
  [1m[36mDinosaur Load (0.5ms)[0m  [1m[34mSELECT  "dinosaurs".* FROM "dinosaurs" WHERE "dinosaurs"."id" = $1 LIMIT $2[0m  [["id", 1], ["LIMIT", 1]]
  [1m[36mDinosaur Load (0.5ms)[0m  [1m[34mSELECT  "dinosaurs".* FROM "dinosaurs" WHERE "dinosaurs"."id" = $1 LIMIT $2[0m  [["id", nil], ["LIMIT", 1]]
  [1m[36mDinosaur Load (0.5ms)[0m  [1m[34mSELECT  "dinosaurs".* FROM "dinosaurs" WHERE "dinosaurs"."id" = $1 LIMIT $2[0m  [["id", nil], ["LIMIT", 1]]
  [1m[36mDinosaur Load (0.6ms)[0m  [1m[34mSELECT  "dinosaurs".* FROM "dinosaurs" WHERE "dinosaurs"."name" = $1 LIMIT $2[0m  [["name", "liopleurodon"], ["LIMIT", 1]]
  [1m[35m (0.4ms)[0m  [1m[35mBEGIN[0m
  [1m[35mSQL (0.7ms)[0m  [1m[33mUPDATE "dinosaurs" SET "age" = $1, "updated_at" = $2 WHERE "dinosaurs"."id" = $3[0m  [["age", 1], ["updated_at", "2017-12-08 10:32:30.430328"], ["id", 5]]
  [1m[35m (16.6ms)[0m  [1m[35mCOMMIT[0m
  [1m[36mDinosaur Load (0.7ms)[0m  [1m[34mSELECT  "dinosaurs".* FROM "dinosaurs" ORDER BY "dinosaurs"."name" ASC LIMIT $1[0m  [["LIMIT", 11]]
  [1m[36mDinosaur Load (0.7ms)[0m  [1m[34mSELECT "dinosaurs".* FROM "dinosaurs" ORDER BY "dinosaurs"."name" ASC[0m
